{
  "0 debug pnpm:scope": {
    "selected": 1
  },
  "1 error pnpm": {
    "code": "ERR_PNPM_UNSUPPORTED_ENGINE",
    "packageId": "/Users/majunjie/my/personal/bing",
    "wanted": {
      "node": ">=14"
    },
    "current": {
      "node": "v12.20.0",
      "pnpm": "6.32.20"
    },
    "err": {
      "name": "pnpm",
      "message": "Unsupported engine for /Users/majunjie/my/personal/bing: wanted: {\"node\":\">=14\"} (current: {\"node\":\"v12.20.0\",\"pnpm\":\"6.32.20\"})",
      "code": "ERR_PNPM_UNSUPPORTED_ENGINE",
      "stack": "pnpm: Unsupported engine for /Users/majunjie/my/personal/bing: wanted: {\"node\":\">=14\"} (current: {\"node\":\"v12.20.0\",\"pnpm\":\"6.32.20\"})\n    at checkEngine (/Users/majunjie/.nvm/versions/node/v12.20.0/lib/node_modules/pnpm/dist/pnpm.cjs:41422:16)\n    at checkPackage (/Users/majunjie/.nvm/versions/node/v12.20.0/lib/node_modules/pnpm/dist/pnpm.cjs:43518:104)\n    at packageIsInstallable (/Users/majunjie/.nvm/versions/node/v12.20.0/lib/node_modules/pnpm/dist/pnpm.cjs:43542:61)\n    at tryReadProjectManifest (/Users/majunjie/.nvm/versions/node/v12.20.0/lib/node_modules/pnpm/dist/pnpm.cjs:43874:55)\n    at async handler (/Users/majunjie/.nvm/versions/node/v12.20.0/lib/node_modules/pnpm/dist/pnpm.cjs:123032:48)\n    at async /Users/majunjie/.nvm/versions/node/v12.20.0/lib/node_modules/pnpm/dist/pnpm.cjs:185913:21\n    at async run (/Users/majunjie/.nvm/versions/node/v12.20.0/lib/node_modules/pnpm/dist/pnpm.cjs:185887:34)\n    at async runPnpm (/Users/majunjie/.nvm/versions/node/v12.20.0/lib/node_modules/pnpm/dist/pnpm.cjs:186106:5)\n    at async /Users/majunjie/.nvm/versions/node/v12.20.0/lib/node_modules/pnpm/dist/pnpm.cjs:186098:7"
    }
  }
}